yarn run v1.22.1
$ yarn clean && tsup
$ rm -rf dist
[@MONSTER-CODES/BOILERPLATE-API-CORE-LIBRARY] CLI Building entry: src/index.ts, src/client/index.ts, src/server/index.ts
[@MONSTER-CODES/BOILERPLATE-API-CORE-LIBRARY] CLI Using tsconfig: tsconfig.json
[@MONSTER-CODES/BOILERPLATE-API-CORE-LIBRARY] CLI tsup v8.2.4
[@MONSTER-CODES/BOILERPLATE-API-CORE-LIBRARY] CLI Using tsup config: /Users/monstercodes/Documents/projects/opensources/boilerplate-api-core-library/packages/core/tsup.config.ts
[@MONSTER-CODES/BOILERPLATE-API-CORE-LIBRARY] CLI Target: node14
[@MONSTER-CODES/BOILERPLATE-API-CORE-LIBRARY] CLI Cleaning output folder
[@MONSTER-CODES/BOILERPLATE-API-CORE-LIBRARY] ESM Build start
[@MONSTER-CODES/BOILERPLATE-API-CORE-LIBRARY] CJS Build start
[@MONSTER-CODES/BOILERPLATE-API-CORE-LIBRARY] ESM dist/index.mjs            6.17 KB
[@MONSTER-CODES/BOILERPLATE-API-CORE-LIBRARY] ESM dist/server/index.mjs     5.92 KB
[@MONSTER-CODES/BOILERPLATE-API-CORE-LIBRARY] ESM dist/client/index.mjs     5.90 KB
[@MONSTER-CODES/BOILERPLATE-API-CORE-LIBRARY] ESM dist/index.mjs.map        12.94 KB
[@MONSTER-CODES/BOILERPLATE-API-CORE-LIBRARY] ESM dist/client/index.mjs.map 12.06 KB
[@MONSTER-CODES/BOILERPLATE-API-CORE-LIBRARY] ESM dist/server/index.mjs.map 12.15 KB
[@MONSTER-CODES/BOILERPLATE-API-CORE-LIBRARY] ESM ⚡️ Build success in 14ms
[@MONSTER-CODES/BOILERPLATE-API-CORE-LIBRARY] CJS dist/index.js            7.21 KB
[@MONSTER-CODES/BOILERPLATE-API-CORE-LIBRARY] CJS dist/client/index.js     6.90 KB
[@MONSTER-CODES/BOILERPLATE-API-CORE-LIBRARY] CJS dist/server/index.js     6.93 KB
[@MONSTER-CODES/BOILERPLATE-API-CORE-LIBRARY] CJS dist/index.js.map        12.99 KB
[@MONSTER-CODES/BOILERPLATE-API-CORE-LIBRARY] CJS dist/client/index.js.map 12.10 KB
[@MONSTER-CODES/BOILERPLATE-API-CORE-LIBRARY] CJS dist/server/index.js.map 12.20 KB
[@MONSTER-CODES/BOILERPLATE-API-CORE-LIBRARY] CJS ⚡️ Build success in 14ms
[@MONSTER-CODES/BOILERPLATE-API-CORE-LIBRARY] DTS Build start
[@MONSTER-CODES/BOILERPLATE-API-CORE-LIBRARY] DTS ⚡️ Build success in 809ms
[@MONSTER-CODES/BOILERPLATE-API-CORE-LIBRARY] DTS dist/index.d.mts          421.00 B
[@MONSTER-CODES/BOILERPLATE-API-CORE-LIBRARY] DTS dist/client/index.d.mts   623.00 B
[@MONSTER-CODES/BOILERPLATE-API-CORE-LIBRARY] DTS dist/server/index.d.mts   631.00 B
[@MONSTER-CODES/BOILERPLATE-API-CORE-LIBRARY] DTS dist/types-A8CnKlIq.d.mts 1.56 KB
[@MONSTER-CODES/BOILERPLATE-API-CORE-LIBRARY] DTS dist/index.d.ts           418.00 B
[@MONSTER-CODES/BOILERPLATE-API-CORE-LIBRARY] DTS dist/client/index.d.ts    621.00 B
[@MONSTER-CODES/BOILERPLATE-API-CORE-LIBRARY] DTS dist/server/index.d.ts    629.00 B
[@MONSTER-CODES/BOILERPLATE-API-CORE-LIBRARY] DTS dist/types-A8CnKlIq.d.ts  1.56 KB
Done in 2.40s.
